TN:
SF:D:\workspace\VirtualStorageLibrary\VirtualStorageLibrary\VirtualStorageLibrary.cs
FN:14,get_Node()
FN:15,get_ResolvedPath()
FN:17,.ctor(VirtualStorageLibrary.VirtualNode,VirtualStorageLibrary.VirtualPath)
FNDA:1088,get_Node()
FNDA:616,get_ResolvedPath()
FNDA:568,.ctor(VirtualStorageLibrary.VirtualNode,VirtualStorageLibrary.VirtualPath)
FNF:3
FNH:3
BRF:0
BRH:0
DA:14,1088
DA:15,616
DA:17,568
DA:18,568
DA:19,568
DA:20,568
DA:21,568
LH:7
LF:7
end_of_record
SF:D:\workspace\VirtualStorageLibrary\VirtualStorageLibrary\VirtualStorageLibrary.cs
FN:397,get_Count()
FN:399,get_DirectoryCount()
FN:401,get_ItemCount()
FN:403,get_NodeNames()
FN:405,get_Nodes()
FN:407,NodeExists(VirtualStorageLibrary.VirtualPath)
FN:410,DirectoryExists(VirtualStorageLibrary.VirtualPath)
FN:430,ToString()
FN:435,DeepClone()
FN:452,VirtualStorageLibrary.IDeepCloneable<VirtualStorageLibrary.VirtualDirectory>.DeepClone()
FN:457,Add(VirtualStorageLibrary.VirtualNode,System.Boolean)
FN:469,AddItem(VirtualStorageLibrary.VirtualPath,T,System.Boolean)
FN:474,AddSymbolicLink(VirtualStorageLibrary.VirtualPath,VirtualStorageLibrary.VirtualPath,System.Boolean)
FN:479,AddDirectory(VirtualStorageLibrary.VirtualPath,System.Boolean)
FN:486,get_Item(VirtualStorageLibrary.VirtualPath)
FN:494,set_Item(VirtualStorageLibrary.VirtualPath,VirtualStorageLibrary.VirtualNode)
FN:500,Remove(VirtualStorageLibrary.VirtualPath,System.Boolean)
FN:518,Get(VirtualStorageLibrary.VirtualPath)
FN:527,Rename(VirtualStorageLibrary.VirtualPath,VirtualStorageLibrary.VirtualPath)
FN:419,.ctor(VirtualStorageLibrary.VirtualPath)
FN:424,.ctor(VirtualStorageLibrary.VirtualPath,System.DateTime,System.DateTime)
FNDA:13,get_Count()
FNDA:1,get_DirectoryCount()
FNDA:4,get_ItemCount()
FNDA:4,get_NodeNames()
FNDA:130,get_Nodes()
FNDA:2563,NodeExists(VirtualStorageLibrary.VirtualPath)
FNDA:79,DirectoryExists(VirtualStorageLibrary.VirtualPath)
FNDA:1,ToString()
FNDA:7,DeepClone()
FNDA:3,VirtualStorageLibrary.IDeepCloneable<VirtualStorageLibrary.VirtualDirectory>.DeepClone()
FNDA:420,Add(VirtualStorageLibrary.VirtualNode,System.Boolean)
FNDA:7,AddItem(VirtualStorageLibrary.VirtualPath,T,System.Boolean)
FNDA:6,AddSymbolicLink(VirtualStorageLibrary.VirtualPath,VirtualStorageLibrary.VirtualPath,System.Boolean)
FNDA:240,AddDirectory(VirtualStorageLibrary.VirtualPath,System.Boolean)
FNDA:1100,get_Item(VirtualStorageLibrary.VirtualPath)
FNDA:1,set_Item(VirtualStorageLibrary.VirtualPath,VirtualStorageLibrary.VirtualNode)
FNDA:28,Remove(VirtualStorageLibrary.VirtualPath,System.Boolean)
FNDA:14,Get(VirtualStorageLibrary.VirtualPath)
FNDA:3,Rename(VirtualStorageLibrary.VirtualPath,VirtualStorageLibrary.VirtualPath)
FNDA:433,.ctor(VirtualStorageLibrary.VirtualPath)
FNDA:7,.ctor(VirtualStorageLibrary.VirtualPath,System.DateTime,System.DateTime)
FNF:21
FNH:21
BRDA:411,411,0,1
BRDA:411,411,1,1
BRDA:438,438,2,1
BRDA:438,438,3,1
BRDA:441,441,4,1
BRDA:441,441,5,1
BRDA:460,460,6,1
BRDA:460,460,7,1
BRDA:460,460,8,1
BRDA:460,460,9,1
BRDA:487,487,10,1
BRDA:487,487,11,1
BRDA:501,501,12,1
BRDA:501,501,13,1
BRDA:503,503,14,1
BRDA:503,503,15,1
BRDA:519,519,16,1
BRDA:519,519,17,1
BRDA:528,528,18,1
BRDA:528,528,19,1
BRDA:533,533,20,1
BRDA:533,533,21,1
BRF:22
BRH:22
DA:397,13
DA:399,1
DA:401,4
DA:403,4
DA:405,130
DA:407,2563
DA:410,79
DA:411,79
DA:412,16
DA:413,16
DA:416,63
DA:417,79
DA:419,433
DA:420,433
DA:421,433
DA:422,433
DA:424,7
DA:425,7
DA:426,7
DA:427,7
DA:430,1
DA:431,1
DA:432,1
DA:435,7
DA:436,7
DA:438,31
DA:439,5
DA:440,5
DA:441,5
DA:442,5
DA:443,5
DA:444,5
DA:445,5
DA:446,5
DA:448,7
DA:449,7
DA:452,3
DA:453,3
DA:454,3
DA:457,420
DA:458,420
DA:460,420
DA:461,5
DA:462,5
DA:465,415
DA:466,415
DA:469,7
DA:470,7
DA:471,6
DA:474,6
DA:475,6
DA:476,5
DA:479,240
DA:480,240
DA:481,239
DA:486,1100
DA:487,1100
DA:488,2
DA:489,2
DA:491,1098
DA:492,1098
DA:494,1
DA:495,1
DA:496,1
DA:500,28
DA:501,28
DA:502,2
DA:503,2
DA:504,1
DA:505,1
DA:508,1
DA:510,1
DA:514,26
DA:515,27
DA:518,14
DA:519,14
DA:520,1
DA:521,1
DA:523,13
DA:524,13
DA:527,3
DA:528,3
DA:529,1
DA:530,1
DA:533,2
DA:534,1
DA:535,1
DA:538,1
DA:539,1
DA:540,1
DA:541,1
DA:542,1
LH:92
LF:92
end_of_record
SF:D:\workspace\VirtualStorageLibrary\VirtualStorageLibrary\VirtualStorageLibrary.cs
FN:350,get_Item()
FN:363,ToString()
FN:377,DeepClone()
FN:388,VirtualStorageLibrary.IDeepCloneable<VirtualStorageLibrary.VirtualItem<T>>.DeepClone()
FN:352,.ctor(VirtualStorageLibrary.VirtualPath,T)
FN:357,.ctor(VirtualStorageLibrary.VirtualPath,T,System.DateTime,System.DateTime)
FNDA:211,get_Item()
FNDA:5,ToString()
FNDA:6,DeepClone()
FNDA:2,VirtualStorageLibrary.IDeepCloneable<VirtualStorageLibrary.VirtualItem<T>>.DeepClone()
FNDA:140,.ctor(VirtualStorageLibrary.VirtualPath,T)
FNDA:1,.ctor(VirtualStorageLibrary.VirtualPath,T,System.DateTime,System.DateTime)
FNF:6
FNH:6
BRDA:368,368,22,1
BRDA:368,368,23,1
BRDA:368,368,24,1
BRDA:368,368,25,-
BRDA:379,379,26,1
BRDA:379,379,27,1
BRF:6
BRH:5
DA:350,211
DA:352,140
DA:353,140
DA:354,140
DA:355,140
DA:357,1
DA:358,1
DA:359,1
DA:360,1
DA:363,5
DA:364,5
DA:368,5
DA:369,3
DA:370,3
DA:371,3
DA:373,5
DA:374,5
DA:377,6
DA:378,6
DA:379,6
DA:380,4
DA:381,4
DA:382,4
DA:384,6
DA:385,6
DA:388,2
DA:389,2
DA:390,2
LH:28
LF:28
end_of_record
SF:D:\workspace\VirtualStorageLibrary\VirtualStorageLibrary\VirtualStorageLibrary.cs
FN:301,get_Name()
FN:302,get_CreatedDate()
FN:303,get_UpdatedDate()
FN:307,.ctor(VirtualStorageLibrary.VirtualPath)
FN:314,.ctor(VirtualStorageLibrary.VirtualPath,System.DateTime,System.DateTime)
FNDA:1501,get_Name()
FNDA:641,get_CreatedDate()
FNDA:641,get_UpdatedDate()
FNDA:616,.ctor(VirtualStorageLibrary.VirtualPath)
FNDA:11,.ctor(VirtualStorageLibrary.VirtualPath,System.DateTime,System.DateTime)
FNF:5
FNH:5
BRF:0
BRH:0
DA:301,1501
DA:302,641
DA:303,641
DA:307,616
DA:308,616
DA:309,616
DA:310,616
DA:311,616
DA:312,616
DA:314,11
DA:315,11
DA:316,11
DA:317,11
DA:318,11
DA:319,11
LH:15
LF:15
end_of_record
SF:D:\workspace\VirtualStorageLibrary\VirtualStorageLibrary\VirtualStorageLibrary.cs
FN:26,.ctor()
FN:30,.ctor(System.String)
FN:34,.ctor(System.String,System.Exception)
FNDA:1,.ctor()
FNDA:134,.ctor(System.String)
FNDA:1,.ctor(System.String,System.Exception)
FNF:3
FNH:3
BRF:0
BRH:0
DA:26,1
DA:27,1
DA:28,1
DA:30,134
DA:31,134
DA:32,134
DA:34,1
DA:35,1
DA:36,1
LH:9
LF:9
end_of_record
SF:D:\workspace\VirtualStorageLibrary\VirtualStorageLibrary\VirtualStorageLibrary.cs
FN:48,get_Path()
FN:50,get_Root()
FN:52,get_Empty()
FN:54,get_Dot()
FN:56,get_DotDot()
FN:58,ToString()
FN:60,get_IsEmpty()
FN:62,get_IsRoot()
FN:64,get_IsAbsolute()
FN:66,get_IsEndsWithSlash()
FN:68,get_IsDot()
FN:70,get_IsDotDot()
FN:72,GetHashCode()
FN:85,Equals(System.Object)
FN:94,op_Equality(VirtualStorageLibrary.VirtualPath,VirtualStorageLibrary.VirtualPath)
FN:99,op_Inequality(VirtualStorageLibrary.VirtualPath,VirtualStorageLibrary.VirtualPath)
FN:104,op_Addition(VirtualStorageLibrary.VirtualPath,VirtualStorageLibrary.VirtualPath)
FN:109,TrimEndSlash()
FN:118,AddEndSlash()
FN:127,AddStartSlash()
FN:136,StartsWith(VirtualStorageLibrary.VirtualPath)
FN:141,NormalizePath()
FN:189,GetDirectoryPath()
FN:210,GetNodeName()
FN:231,Combine(VirtualStorageLibrary.VirtualPath[])
FN:263,GetParentPath()
FN:283,GetPartsLinkedList()
FN:294,GetPartsList()
FN:74,.ctor(System.String)
FN:79,.ctor(System.Collections.Generic.IEnumerable`1<VirtualStorageLibrary.VirtualPath>)
FNDA:1496,get_Path()
FNDA:1131,get_Root()
FNDA:751,get_Empty()
FNDA:4,get_Dot()
FNDA:5,get_DotDot()
FNDA:278,ToString()
FNDA:1919,get_IsEmpty()
FNDA:1003,get_IsRoot()
FNDA:1888,get_IsAbsolute()
FNDA:15,get_IsEndsWithSlash()
FNDA:1218,get_IsDot()
FNDA:1212,get_IsDotDot()
FNDA:3969,GetHashCode()
FNDA:3384,Equals(System.Object)
FNDA:41,op_Equality(VirtualStorageLibrary.VirtualPath,VirtualStorageLibrary.VirtualPath)
FNDA:0,op_Inequality(VirtualStorageLibrary.VirtualPath,VirtualStorageLibrary.VirtualPath)
FNDA:1406,op_Addition(VirtualStorageLibrary.VirtualPath,VirtualStorageLibrary.VirtualPath)
FNDA:0,TrimEndSlash()
FNDA:41,AddEndSlash()
FNDA:2,AddStartSlash()
FNDA:61,StartsWith(VirtualStorageLibrary.VirtualPath)
FNDA:47,NormalizePath()
FNDA:112,GetDirectoryPath()
FNDA:262,GetNodeName()
FNDA:1412,Combine(VirtualStorageLibrary.VirtualPath[])
FNDA:176,GetParentPath()
FNDA:741,GetPartsLinkedList()
FNDA:737,GetPartsList()
FNDA:5858,.ctor(System.String)
FNDA:0,.ctor(System.Collections.Generic.IEnumerable`1<VirtualStorageLibrary.VirtualPath>)
FNF:30
FNH:27
BRDA:86,86,28,1
BRDA:86,86,29,-
BRDA:110,110,30,-
BRDA:110,110,31,-
BRDA:119,119,32,1
BRDA:119,119,33,1
BRDA:128,128,34,1
BRDA:128,128,35,-
BRDA:142,142,36,1
BRDA:142,142,37,1
BRDA:151,151,38,1
BRDA:151,151,39,1
BRDA:153,153,40,1
BRDA:153,153,41,1
BRDA:155,155,42,1
BRDA:155,155,43,1
BRDA:155,155,44,1
BRDA:155,155,45,1
BRDA:159,159,46,1
BRDA:159,159,47,1
BRDA:168,168,48,1
BRDA:168,168,49,1
BRDA:176,176,50,1
BRDA:176,176,51,1
BRDA:191,191,52,1
BRDA:191,191,53,1
BRDA:198,198,54,1
BRDA:198,198,55,1
BRDA:211,211,56,1
BRDA:211,211,57,1
BRDA:218,218,58,1
BRDA:218,218,59,1
BRDA:235,235,60,1
BRDA:235,235,61,1
BRDA:250,250,62,1
BRDA:250,250,63,1
BRDA:253,253,64,1
BRDA:253,253,65,1
BRDA:274,274,66,1
BRDA:274,274,67,1
BRDA:285,285,68,1
BRDA:285,285,69,1
BRF:42
BRH:38
DA:48,1496
DA:50,1131
DA:52,751
DA:54,4
DA:56,5
DA:58,278
DA:60,1919
DA:62,1003
DA:64,1888
DA:66,15
DA:68,1218
DA:70,1212
DA:72,3969
DA:74,5858
DA:75,5858
DA:76,5858
DA:77,5858
DA:79,0
DA:80,0
DA:81,0
DA:82,0
DA:85,3384
DA:86,3384
DA:87,3384
DA:88,3384
DA:90,0
DA:91,3384
DA:94,41
DA:95,41
DA:96,41
DA:99,0
DA:100,0
DA:101,0
DA:104,1406
DA:105,1406
DA:106,1406
DA:109,0
DA:110,0
DA:111,0
DA:112,0
DA:114,0
DA:115,0
DA:118,41
DA:119,41
DA:120,40
DA:121,40
DA:123,1
DA:124,41
DA:127,2
DA:128,2
DA:129,2
DA:130,2
DA:132,0
DA:133,2
DA:136,61
DA:137,61
DA:138,61
DA:141,47
DA:142,47
DA:143,1
DA:144,1
DA:147,46
DA:148,46
DA:149,46
DA:151,307
DA:152,85
DA:153,85
DA:154,8
DA:155,8
DA:156,6
DA:157,6
DA:158,6
DA:159,2
DA:160,1
DA:161,1
DA:162,1
DA:164,1
DA:165,1
DA:167,7
DA:168,77
DA:169,75
DA:170,75
DA:171,75
DA:172,84
DA:174,45
DA:176,45
DA:177,43
DA:178,43
DA:179,43
DA:181,2
DA:182,2
DA:183,2
DA:185,45
DA:186,45
DA:189,112
DA:191,112
DA:192,1
DA:193,1
DA:196,111
DA:198,111
DA:199,33
DA:200,33
DA:203,78
DA:205,78
DA:207,112
DA:210,262
DA:211,262
DA:212,1
DA:214,1
DA:217,261
DA:218,261
DA:219,257
DA:221,257
DA:224,4
DA:226,4
DA:228,262
DA:231,1412
DA:233,1412
DA:235,7060
DA:236,1412
DA:238,1412
DA:240,1412
DA:241,1412
DA:244,1412
DA:247,1412
DA:250,1412
DA:253,1412
DA:254,1
DA:255,1
DA:256,1
DA:259,1412
DA:260,1412
DA:263,176
DA:265,176
DA:267,176
DA:269,176
DA:271,176
DA:274,176
DA:275,90
DA:276,90
DA:279,86
DA:280,176
DA:283,741
DA:284,741
DA:285,4739
DA:286,1258
DA:287,1258
DA:288,1258
DA:290,741
DA:291,741
DA:294,737
DA:295,737
DA:296,737
LH:138
LF:153
end_of_record
SF:D:\workspace\VirtualStorageLibrary\VirtualStorageLibrary\VirtualStorageLibrary.cs
FN:549,get_CurrentPath()
FN:558,ChangeDirectory(VirtualStorageLibrary.VirtualPath)
FN:572,ConvertToAbsolutePath(VirtualStorageLibrary.VirtualPath,VirtualStorageLibrary.VirtualPath)
FN:600,AddSymbolicLink(VirtualStorageLibrary.VirtualPath,VirtualStorageLibrary.VirtualPath,System.Boolean)
FN:633,AddItem(VirtualStorageLibrary.VirtualPath,T,System.Boolean)
FN:668,AddDirectory(VirtualStorageLibrary.VirtualPath,System.Boolean)
FN:764,GetNodeInternal(VirtualStorageLibrary.VirtualPath,System.Boolean)
FN:839,GetNode(VirtualStorageLibrary.VirtualPath,System.Boolean)
FN:845,ResolveLinkTarget(VirtualStorageLibrary.VirtualPath)
FN:851,GetDirectory(VirtualStorageLibrary.VirtualPath,System.Boolean)
FN:907,GetNodes(VirtualStorageLibrary.VirtualPath,VirtualStorageLibrary.VirtualNodeType,System.Boolean)
FN:912,GetNodes(VirtualStorageLibrary.VirtualNodeType,System.Boolean)
FN:917,GetNodesWithPaths(VirtualStorageLibrary.VirtualPath,VirtualStorageLibrary.VirtualNodeType,System.Boolean)
FN:922,GetNodesWithPaths(VirtualStorageLibrary.VirtualNodeType,System.Boolean)
FN:927,CheckCopyPreconditions(VirtualStorageLibrary.VirtualPath,VirtualStorageLibrary.VirtualPath,System.Boolean,System.Boolean)
FN:996,CopyNode(VirtualStorageLibrary.VirtualPath,VirtualStorageLibrary.VirtualPath,System.Boolean,System.Boolean)
FN:1058,RemoveNode(VirtualStorageLibrary.VirtualPath,System.Boolean)
FN:1102,TryGetNode(VirtualStorageLibrary.VirtualPath,System.Boolean)
FN:1116,NodeExists(VirtualStorageLibrary.VirtualPath,System.Boolean)
FN:1123,DirectoryExists(VirtualStorageLibrary.VirtualPath)
FN:1138,ItemExists(VirtualStorageLibrary.VirtualPath)
FN:1146,SymbolicLinkExists(VirtualStorageLibrary.VirtualPath)
FN:1152,MoveNode(VirtualStorageLibrary.VirtualPath,VirtualStorageLibrary.VirtualPath,System.Boolean)
FN:551,.ctor()
FN:866,GetNodesInternal()
FNDA:1939,get_CurrentPath()
FNDA:26,ChangeDirectory(VirtualStorageLibrary.VirtualPath)
FNDA:1784,ConvertToAbsolutePath(VirtualStorageLibrary.VirtualPath,VirtualStorageLibrary.VirtualPath)
FNDA:38,AddSymbolicLink(VirtualStorageLibrary.VirtualPath,VirtualStorageLibrary.VirtualPath,System.Boolean)
FNDA:110,AddItem(VirtualStorageLibrary.VirtualPath,T,System.Boolean)
FNDA:161,AddDirectory(VirtualStorageLibrary.VirtualPath,System.Boolean)
FNDA:687,GetNodeInternal(VirtualStorageLibrary.VirtualPath,System.Boolean)
FNDA:636,GetNode(VirtualStorageLibrary.VirtualPath,System.Boolean)
FNDA:51,ResolveLinkTarget(VirtualStorageLibrary.VirtualPath)
FNDA:253,GetDirectory(VirtualStorageLibrary.VirtualPath,System.Boolean)
FNDA:8,GetNodes(VirtualStorageLibrary.VirtualPath,VirtualStorageLibrary.VirtualNodeType,System.Boolean)
FNDA:4,GetNodes(VirtualStorageLibrary.VirtualNodeType,System.Boolean)
FNDA:8,GetNodesWithPaths(VirtualStorageLibrary.VirtualPath,VirtualStorageLibrary.VirtualNodeType,System.Boolean)
FNDA:4,GetNodesWithPaths(VirtualStorageLibrary.VirtualNodeType,System.Boolean)
FNDA:25,CheckCopyPreconditions(VirtualStorageLibrary.VirtualPath,VirtualStorageLibrary.VirtualPath,System.Boolean,System.Boolean)
FNDA:19,CopyNode(VirtualStorageLibrary.VirtualPath,VirtualStorageLibrary.VirtualPath,System.Boolean,System.Boolean)
FNDA:19,RemoveNode(VirtualStorageLibrary.VirtualPath,System.Boolean)
FNDA:219,TryGetNode(VirtualStorageLibrary.VirtualPath,System.Boolean)
FNDA:92,NodeExists(VirtualStorageLibrary.VirtualPath,System.Boolean)
FNDA:98,DirectoryExists(VirtualStorageLibrary.VirtualPath)
FNDA:11,ItemExists(VirtualStorageLibrary.VirtualPath)
FNDA:41,SymbolicLinkExists(VirtualStorageLibrary.VirtualPath)
FNDA:20,MoveNode(VirtualStorageLibrary.VirtualPath,VirtualStorageLibrary.VirtualPath,System.Boolean)
FNDA:147,.ctor()
FNDA:108,GetNodesInternal()
FNF:25
FNH:25
BRDA:562,562,70,1
BRDA:562,562,71,-
BRDA:573,573,72,1
BRDA:573,573,73,1
BRDA:576,576,74,1
BRDA:576,576,75,1
BRDA:582,582,76,1
BRDA:582,582,77,1
BRDA:588,588,78,1
BRDA:588,588,79,1
BRDA:608,608,80,1
BRDA:608,608,81,1
BRDA:608,608,82,1
BRDA:608,608,83,1
BRDA:614,614,84,1
BRDA:614,614,85,1
BRDA:614,614,86,1
BRDA:614,614,87,1
BRDA:614,614,88,1
BRDA:614,614,89,1
BRDA:624,624,90,1
BRDA:624,624,91,1
BRDA:645,645,92,1
BRDA:645,645,93,1
BRDA:647,647,94,1
BRDA:647,647,95,1
BRDA:654,654,96,1
BRDA:654,654,97,1
BRDA:671,671,98,1
BRDA:671,671,99,1
BRDA:684,684,100,1
BRDA:684,684,101,1
BRDA:688,688,102,1
BRDA:688,688,103,1
BRDA:692,692,104,1
BRDA:692,692,105,1
BRDA:696,696,106,1
BRDA:696,696,107,1
BRDA:703,703,108,1
BRDA:703,703,109,1
BRDA:705,705,110,1
BRDA:705,705,111,1
BRDA:707,707,112,1
BRDA:707,707,113,1
BRDA:707,707,114,1
BRDA:707,707,115,1
BRDA:718,718,116,1
BRDA:718,718,117,1
BRDA:721,721,118,1
BRDA:721,721,119,1
BRDA:723,723,120,1
BRDA:723,723,121,1
BRDA:741,741,122,1
BRDA:741,741,123,1
BRDA:767,767,124,1
BRDA:767,767,125,1
BRDA:781,781,126,1
BRDA:781,781,127,1
BRDA:785,785,128,1
BRDA:785,785,129,1
BRDA:789,789,130,1
BRDA:789,789,131,1
BRDA:794,794,132,1
BRDA:794,794,133,1
BRDA:801,801,134,1
BRDA:801,801,135,1
BRDA:803,803,136,1
BRDA:803,803,137,1
BRDA:814,814,138,1
BRDA:814,814,139,1
BRDA:814,814,140,1
BRDA:814,814,141,1
BRDA:855,855,142,1
BRDA:855,855,143,1
BRDA:932,932,144,1
BRDA:932,932,145,1
BRDA:938,938,146,1
BRDA:938,938,147,1
BRDA:944,944,148,1
BRDA:944,944,149,1
BRDA:950,950,150,1
BRDA:950,950,151,1
BRDA:950,950,152,1
BRDA:950,950,153,1
BRDA:955,955,154,1
BRDA:955,955,155,1
BRDA:957,957,156,1
BRDA:957,957,157,1
BRDA:969,969,158,1
BRDA:969,969,159,1
BRDA:977,977,160,1
BRDA:977,977,161,1
BRDA:977,977,162,1
BRDA:977,977,163,1
BRDA:984,984,164,1
BRDA:984,984,165,1
BRDA:984,984,166,1
BRDA:984,984,167,1
BRDA:986,986,168,1
BRDA:986,986,169,-
BRDA:1005,1005,170,1
BRDA:1005,1005,171,-
BRDA:1008,1008,172,1
BRDA:1008,1008,173,1
BRDA:1020,1020,174,1
BRDA:1020,1020,175,1
BRDA:1027,1027,176,1
BRDA:1027,1027,177,1
BRDA:1030,1030,178,1
BRDA:1030,1030,179,1
BRDA:1030,1030,180,1
BRDA:1030,1030,181,-
BRDA:1038,1038,182,1
BRDA:1038,1038,183,-
BRDA:1040,1040,184,-
BRDA:1040,1040,185,-
BRDA:1063,1063,186,1
BRDA:1063,1063,187,1
BRDA:1074,1074,188,1
BRDA:1074,1074,189,1
BRDA:1076,1076,190,1
BRDA:1076,1076,191,1
BRDA:1076,1076,192,1
BRDA:1076,1076,193,1
BRDA:1085,1085,194,1
BRDA:1085,1085,195,1
BRDA:1124,1124,196,1
BRDA:1124,1124,197,1
BRDA:1140,1140,198,1
BRDA:1140,1140,199,1
BRDA:1142,1142,200,1
BRDA:1142,1142,201,1
BRDA:1157,1157,202,1
BRDA:1157,1157,203,1
BRDA:1163,1163,204,1
BRDA:1163,1163,205,1
BRDA:1169,1169,206,1
BRDA:1169,1169,207,1
BRDA:1176,1176,208,1
BRDA:1176,1176,209,1
BRDA:1183,1183,210,1
BRDA:1183,1183,211,1
BRDA:1188,1188,212,1
BRDA:1188,1188,213,1
BRDA:1195,1195,214,1
BRDA:1195,1195,215,1
BRDA:1209,1209,216,1
BRDA:1209,1209,217,1
BRDA:1212,1212,218,1
BRDA:1212,1212,219,-
BRDA:1239,1239,220,1
BRDA:1239,1239,221,1
BRDA:1247,1247,222,1
BRDA:1247,1247,223,1
BRDA:1252,1252,224,1
BRDA:1252,1252,225,1
BRDA:1272,1272,226,1
BRDA:1272,1272,227,1
BRDA:1275,1275,228,1
BRDA:1275,1275,229,-
BRDA:1299,1299,230,1
BRDA:1299,1299,231,1
BRDA:1304,1304,232,1
BRDA:1304,1304,233,1
BRDA:868,868,234,1
BRDA:868,868,235,1
BRDA:874,874,236,1
BRDA:874,874,237,1
BRDA:881,881,238,1
BRDA:881,881,239,1
BRDA:883,883,240,1
BRDA:883,883,241,1
BRDA:885,885,242,1
BRDA:885,885,243,1
BRDA:885,885,244,1
BRDA:885,885,245,1
BRDA:890,890,246,1
BRDA:890,890,247,1
BRDA:893,893,248,1
BRDA:893,893,249,1
BRDA:899,899,250,1
BRDA:899,899,251,1
BRDA:899,899,252,1
BRDA:899,899,253,1
BRF:184
BRH:175
DA:549,1939
DA:551,147
DA:552,147
DA:553,147
DA:554,147
DA:555,147
DA:558,26
DA:559,26
DA:562,25
DA:563,0
DA:564,0
DA:568,25
DA:569,25
DA:572,1784
DA:573,1784
DA:576,1784
DA:577,3
DA:578,3
DA:582,1781
DA:583,1754
DA:584,1754
DA:588,27
DA:589,1
DA:590,1
DA:594,26
DA:596,26
DA:597,1780
DA:600,38
DA:601,38
DA:604,38
DA:605,38
DA:608,38
DA:609,1
DA:610,1
DA:614,37
DA:615,2
DA:616,2
DA:620,35
DA:621,35
DA:622,35
DA:624,35
DA:625,1
DA:626,1
DA:629,34
DA:630,34
DA:633,110
DA:635,110
DA:638,109
DA:639,109
DA:642,109
DA:645,106
DA:646,3
DA:647,3
DA:648,1
DA:649,1
DA:652,2
DA:654,2
DA:655,1
DA:656,1
DA:659,1
DA:660,1
DA:661,1
DA:664,104
DA:665,104
DA:668,161
DA:669,161
DA:671,161
DA:672,1
DA:673,1
DA:676,160
DA:678,160
DA:679,160
DA:680,160
DA:682,160
DA:684,427
DA:685,273
DA:686,273
DA:688,273
DA:689,1
DA:691,1
DA:692,272
DA:693,2
DA:695,2
DA:696,2
DA:697,2
DA:698,2
DA:699,2
DA:700,2
DA:702,270
DA:703,270
DA:704,269
DA:705,269
DA:706,226
DA:707,226
DA:708,224
DA:709,224
DA:710,224
DA:712,2
DA:713,2
DA:715,224
DA:717,43
DA:718,43
DA:719,4
DA:720,4
DA:721,4
DA:722,2
DA:723,2
DA:724,1
DA:725,1
DA:727,1
DA:729,2
DA:730,2
DA:732,1
DA:733,40
DA:734,264
DA:735,264
DA:737,1
DA:738,1
DA:741,264
DA:742,1
DA:743,1
DA:744,1
DA:745,1
DA:746,1
DA:747,1
DA:748,1
DA:749,1
DA:750,1
DA:752,263
DA:753,263
DA:754,263
DA:755,264
DA:757,267
DA:758,267
DA:760,154
DA:761,154
DA:764,687
DA:765,687
DA:767,687
DA:768,136
DA:769,136
DA:772,551
DA:774,551
DA:775,551
DA:776,551
DA:778,551
DA:779,551
DA:781,1376
DA:782,945
DA:783,945
DA:785,945
DA:786,5
DA:788,5
DA:789,940
DA:790,7
DA:792,7
DA:793,7
DA:794,7
DA:795,6
DA:796,6
DA:797,6
DA:798,7
DA:800,933
DA:801,933
DA:802,932
DA:803,932
DA:804,119
DA:805,119
DA:807,813
DA:808,813
DA:810,1
DA:811,1
DA:814,813
DA:815,25
DA:816,25
DA:817,25
DA:818,25
DA:819,25
DA:820,25
DA:821,25
DA:822,25
DA:823,25
DA:824,25
DA:826,788
DA:827,788
DA:828,788
DA:829,788
DA:830,813
DA:832,825
DA:833,825
DA:835,432
DA:836,568
DA:839,636
DA:840,636
DA:841,520
DA:842,520
DA:845,51
DA:846,51
DA:847,48
DA:848,48
DA:851,253
DA:852,253
DA:853,253
DA:855,239
DA:856,238
DA:857,238
DA:860,1
DA:861,1
DA:863,238
DA:866,108
DA:868,108
DA:869,1
DA:870,1
DA:874,107
DA:875,1
DA:876,1
DA:879,106
DA:881,942
DA:882,312
DA:883,312
DA:884,100
DA:885,100
DA:886,68
DA:887,68
DA:888,68
DA:890,100
DA:891,84
DA:892,84
DA:893,732
DA:894,240
DA:895,240
DA:896,240
DA:897,84
DA:898,100
DA:899,212
DA:900,148
DA:901,148
DA:902,148
DA:903,312
DA:904,106
DA:907,8
DA:908,88
DA:909,8
DA:912,4
DA:913,12
DA:914,4
DA:917,8
DA:918,128
DA:919,8
DA:922,4
DA:923,12
DA:924,4
DA:927,25
DA:928,25
DA:929,24
DA:932,24
DA:933,1
DA:934,1
DA:938,23
DA:939,1
DA:940,1
DA:944,22
DA:945,1
DA:946,1
DA:950,21
DA:951,2
DA:952,2
DA:955,19
DA:957,12
DA:958,2
DA:959,2
DA:960,2
DA:961,2
DA:963,10
DA:964,10
DA:965,10
DA:966,10
DA:969,12
DA:970,1
DA:971,1
DA:974,11
DA:977,11
DA:978,2
DA:979,2
DA:983,9
DA:984,9
DA:985,6
DA:986,24
DA:987,6
DA:988,6
DA:989,6
DA:990,6
DA:991,0
DA:992,0
DA:993,4
DA:996,19
DA:998,19
DA:1000,4
DA:1001,4
DA:1003,4
DA:1005,4
DA:1008,4
DA:1009,1
DA:1010,1
DA:1011,1
DA:1012,1
DA:1014,3
DA:1015,3
DA:1016,3
DA:1017,3
DA:1020,4
DA:1021,1
DA:1022,1
DA:1025,3
DA:1027,3
DA:1028,2
DA:1030,2
DA:1031,1
DA:1032,1
DA:1036,1
DA:1037,1
DA:1038,1
DA:1039,0
DA:1040,0
DA:1041,0
DA:1042,0
DA:1043,0
DA:1044,0
DA:1045,0
DA:1046,0
DA:1047,1
DA:1049,1
DA:1051,1
DA:1052,1
DA:1053,1
DA:1054,1
DA:1055,2
DA:1058,19
DA:1060,19
DA:1061,17
DA:1063,17
DA:1064,3
DA:1065,3
DA:1068,14
DA:1071,14
DA:1072,14
DA:1074,14
DA:1075,10
DA:1076,10
DA:1077,2
DA:1078,2
DA:1082,8
DA:1085,38
DA:1086,7
DA:1087,7
DA:1088,7
DA:1089,7
DA:1092,8
DA:1093,8
DA:1095,4
DA:1097,4
DA:1098,4
DA:1099,12
DA:1102,219
DA:1103,219
DA:1105,219
DA:1107,219
DA:1109,100
DA:1110,100
DA:1111,100
DA:1113,219
DA:1116,92
DA:1117,92
DA:1118,92
DA:1119,92
DA:1120,92
DA:1123,98
DA:1124,98
DA:1125,9
DA:1126,9
DA:1129,89
DA:1130,89
DA:1131,89
DA:1132,89
DA:1134,79
DA:1135,88
DA:1138,11
DA:1139,11
DA:1140,12
DA:1141,10
DA:1142,10
DA:1143,11
DA:1146,41
DA:1147,41
DA:1148,41
DA:1149,41
DA:1152,20
DA:1153,20
DA:1154,20
DA:1157,20
DA:1158,1
DA:1159,1
DA:1163,19
DA:1164,1
DA:1165,1
DA:1169,18
DA:1170,2
DA:1172,2
DA:1176,16
DA:1177,1
DA:1179,1
DA:1183,15
DA:1184,8
DA:1188,8
DA:1189,4
DA:1191,4
DA:1192,4
DA:1195,4
DA:1196,2
DA:1198,2
DA:1200,2
DA:1201,2
DA:1202,2
DA:1203,2
DA:1205,3
DA:1209,3
DA:1210,1
DA:1211,1
DA:1212,1
DA:1213,0
DA:1215,0
DA:1217,1
DA:1218,1
DA:1219,1
DA:1221,1
DA:1222,1
DA:1223,1
DA:1224,1
DA:1225,1
DA:1226,1
DA:1228,2
DA:1230,2
DA:1232,1
DA:1233,3
DA:1235,7
DA:1239,7
DA:1240,2
DA:1243,2
DA:1244,2
DA:1247,2
DA:1248,2
DA:1252,2
DA:1253,1
DA:1255,1
DA:1256,1
DA:1258,1
DA:1260,1
DA:1262,1
DA:1263,1
DA:1264,1
DA:1265,1
DA:1266,1
DA:1268,4
DA:1272,4
DA:1273,1
DA:1274,1
DA:1275,1
DA:1276,0
DA:1278,0
DA:1280,1
DA:1281,1
DA:1282,1
DA:1284,1
DA:1285,1
DA:1286,1
DA:1287,1
DA:1288,1
DA:1289,1
DA:1291,3
DA:1294,3
DA:1295,3
DA:1296,3
DA:1299,3
DA:1300,2
DA:1304,2
DA:1305,1
DA:1307,1
DA:1308,1
DA:1310,1
DA:1312,1
DA:1314,1
DA:1316,2
DA:1317,2
DA:1318,2
DA:1319,2
DA:1320,2
DA:1321,2
DA:1322,3
DA:1323,4
DA:1324,7
LH:484
LF:500
end_of_record
SF:D:\workspace\VirtualStorageLibrary\VirtualStorageLibrary\VirtualStorageLibrary.cs
FN:324,get_TargetPath()
FN:337,ToString()
FN:343,DeepClone()
FN:326,.ctor(VirtualStorageLibrary.VirtualPath,VirtualStorageLibrary.VirtualPath)
FN:331,.ctor(VirtualStorageLibrary.VirtualPath,VirtualStorageLibrary.VirtualPath,System.DateTime,System.DateTime)
FNDA:83,get_TargetPath()
FNDA:1,ToString()
FNDA:1,DeepClone()
FNDA:43,.ctor(VirtualStorageLibrary.VirtualPath,VirtualStorageLibrary.VirtualPath)
FNDA:3,.ctor(VirtualStorageLibrary.VirtualPath,VirtualStorageLibrary.VirtualPath,System.DateTime,System.DateTime)
FNF:5
FNH:5
BRF:0
BRH:0
DA:324,83
DA:326,43
DA:327,43
DA:328,43
DA:329,43
DA:331,3
DA:332,3
DA:333,3
DA:334,3
DA:337,1
DA:339,1
DA:340,1
DA:343,1
DA:344,1
DA:345,1
LH:15
LF:15
end_of_record
