TN:
SF:D:\workspace\VirtualStorageLibrary\VirtualStorageLibrary\VirtualStorageLibrary.cs
FN:14,get_Node()
FN:15,get_ResolvedPath()
FN:17,.ctor(VirtualStorageLibrary.VirtualNode,VirtualStorageLibrary.VirtualPath)
FNDA:1568,get_Node()
FNDA:856,get_ResolvedPath()
FNDA:808,.ctor(VirtualStorageLibrary.VirtualNode,VirtualStorageLibrary.VirtualPath)
FNF:3
FNH:3
BRF:0
BRH:0
DA:14,1568
DA:15,856
DA:17,808
DA:18,808
DA:19,808
DA:20,808
DA:21,808
LH:7
LF:7
end_of_record
SF:D:\workspace\VirtualStorageLibrary\VirtualStorageLibrary\VirtualStorageLibrary.cs
FN:397,get_Count()
FN:399,get_DirectoryCount()
FN:401,get_ItemCount()
FN:403,get_NodeNames()
FN:405,get_Nodes()
FN:407,NodeExists(VirtualStorageLibrary.VirtualPath)
FN:410,DirectoryExists(VirtualStorageLibrary.VirtualPath)
FN:430,ToString()
FN:435,DeepClone()
FN:452,VirtualStorageLibrary.IDeepCloneable<VirtualStorageLibrary.VirtualDirectory>.DeepClone()
FN:457,Add(VirtualStorageLibrary.VirtualNode,System.Boolean)
FN:469,AddItem(VirtualStorageLibrary.VirtualPath,T,System.Boolean)
FN:474,AddSymbolicLink(VirtualStorageLibrary.VirtualPath,VirtualStorageLibrary.VirtualPath,System.Boolean)
FN:479,AddDirectory(VirtualStorageLibrary.VirtualPath,System.Boolean)
FN:486,get_Item(VirtualStorageLibrary.VirtualPath)
FN:494,set_Item(VirtualStorageLibrary.VirtualPath,VirtualStorageLibrary.VirtualNode)
FN:500,Remove(VirtualStorageLibrary.VirtualPath,System.Boolean)
FN:518,Get(VirtualStorageLibrary.VirtualPath)
FN:527,Rename(VirtualStorageLibrary.VirtualPath,VirtualStorageLibrary.VirtualPath)
FN:419,.ctor(VirtualStorageLibrary.VirtualPath)
FN:424,.ctor(VirtualStorageLibrary.VirtualPath,System.DateTime,System.DateTime)
FNDA:13,get_Count()
FNDA:1,get_DirectoryCount()
FNDA:4,get_ItemCount()
FNDA:4,get_NodeNames()
FNDA:180,get_Nodes()
FNDA:4195,NodeExists(VirtualStorageLibrary.VirtualPath)
FNDA:0,DirectoryExists(VirtualStorageLibrary.VirtualPath)
FNDA:1,ToString()
FNDA:7,DeepClone()
FNDA:3,VirtualStorageLibrary.IDeepCloneable<VirtualStorageLibrary.VirtualDirectory>.DeepClone()
FNDA:449,Add(VirtualStorageLibrary.VirtualNode,System.Boolean)
FNDA:7,AddItem(VirtualStorageLibrary.VirtualPath,T,System.Boolean)
FNDA:6,AddSymbolicLink(VirtualStorageLibrary.VirtualPath,VirtualStorageLibrary.VirtualPath,System.Boolean)
FNDA:240,AddDirectory(VirtualStorageLibrary.VirtualPath,System.Boolean)
FNDA:1885,get_Item(VirtualStorageLibrary.VirtualPath)
FNDA:1,set_Item(VirtualStorageLibrary.VirtualPath,VirtualStorageLibrary.VirtualNode)
FNDA:28,Remove(VirtualStorageLibrary.VirtualPath,System.Boolean)
FNDA:14,Get(VirtualStorageLibrary.VirtualPath)
FNDA:3,Rename(VirtualStorageLibrary.VirtualPath,VirtualStorageLibrary.VirtualPath)
FNDA:449,.ctor(VirtualStorageLibrary.VirtualPath)
FNDA:7,.ctor(VirtualStorageLibrary.VirtualPath,System.DateTime,System.DateTime)
FNF:21
FNH:20
BRDA:411,411,0,-
BRDA:411,411,1,-
BRDA:438,438,2,1
BRDA:438,438,3,1
BRDA:441,441,4,1
BRDA:441,441,5,1
BRDA:460,460,6,1
BRDA:460,460,7,1
BRDA:460,460,8,1
BRDA:460,460,9,1
BRDA:487,487,10,1
BRDA:487,487,11,1
BRDA:501,501,12,1
BRDA:501,501,13,1
BRDA:503,503,14,1
BRDA:503,503,15,1
BRDA:519,519,16,1
BRDA:519,519,17,1
BRDA:528,528,18,1
BRDA:528,528,19,1
BRDA:533,533,20,1
BRDA:533,533,21,1
BRF:22
BRH:20
DA:397,13
DA:399,1
DA:401,4
DA:403,4
DA:405,180
DA:407,4195
DA:410,0
DA:411,0
DA:412,0
DA:413,0
DA:416,0
DA:417,0
DA:419,449
DA:420,449
DA:421,449
DA:422,449
DA:424,7
DA:425,7
DA:426,7
DA:427,7
DA:430,1
DA:431,1
DA:432,1
DA:435,7
DA:436,7
DA:438,31
DA:439,5
DA:440,5
DA:441,5
DA:442,5
DA:443,5
DA:444,5
DA:445,5
DA:446,5
DA:448,7
DA:449,7
DA:452,3
DA:453,3
DA:454,3
DA:457,449
DA:458,449
DA:460,449
DA:461,5
DA:462,5
DA:465,444
DA:466,444
DA:469,7
DA:470,7
DA:471,6
DA:474,6
DA:475,6
DA:476,5
DA:479,240
DA:480,240
DA:481,239
DA:486,1885
DA:487,1885
DA:488,2
DA:489,2
DA:491,1883
DA:492,1883
DA:494,1
DA:495,1
DA:496,1
DA:500,28
DA:501,28
DA:502,2
DA:503,2
DA:504,1
DA:505,1
DA:508,1
DA:510,1
DA:514,26
DA:515,27
DA:518,14
DA:519,14
DA:520,1
DA:521,1
DA:523,13
DA:524,13
DA:527,3
DA:528,3
DA:529,1
DA:530,1
DA:533,2
DA:534,1
DA:535,1
DA:538,1
DA:539,1
DA:540,1
DA:541,1
DA:542,1
LH:86
LF:92
end_of_record
SF:D:\workspace\VirtualStorageLibrary\VirtualStorageLibrary\VirtualStorageLibrary.cs
FN:350,get_Item()
FN:363,ToString()
FN:377,DeepClone()
FN:388,VirtualStorageLibrary.IDeepCloneable<VirtualStorageLibrary.VirtualItem<T>>.DeepClone()
FN:352,.ctor(VirtualStorageLibrary.VirtualPath,T)
FN:357,.ctor(VirtualStorageLibrary.VirtualPath,T,System.DateTime,System.DateTime)
FNDA:256,get_Item()
FNDA:5,ToString()
FNDA:19,DeepClone()
FNDA:2,VirtualStorageLibrary.IDeepCloneable<VirtualStorageLibrary.VirtualItem<T>>.DeepClone()
FNDA:153,.ctor(VirtualStorageLibrary.VirtualPath,T)
FNDA:1,.ctor(VirtualStorageLibrary.VirtualPath,T,System.DateTime,System.DateTime)
FNF:6
FNH:6
BRDA:368,368,22,1
BRDA:368,368,23,1
BRDA:368,368,24,1
BRDA:368,368,25,-
BRDA:379,379,26,1
BRDA:379,379,27,1
BRF:6
BRH:5
DA:350,256
DA:352,153
DA:353,153
DA:354,153
DA:355,153
DA:357,1
DA:358,1
DA:359,1
DA:360,1
DA:363,5
DA:364,5
DA:368,5
DA:369,3
DA:370,3
DA:371,3
DA:373,5
DA:374,5
DA:377,19
DA:378,19
DA:379,19
DA:380,17
DA:381,17
DA:382,17
DA:384,19
DA:385,19
DA:388,2
DA:389,2
DA:390,2
LH:28
LF:28
end_of_record
SF:D:\workspace\VirtualStorageLibrary\VirtualStorageLibrary\VirtualStorageLibrary.cs
FN:301,get_Name()
FN:302,get_CreatedDate()
FN:303,get_UpdatedDate()
FN:307,.ctor(VirtualStorageLibrary.VirtualPath)
FN:314,.ctor(VirtualStorageLibrary.VirtualPath,System.DateTime,System.DateTime)
FNDA:1753,get_Name()
FNDA:670,get_CreatedDate()
FNDA:670,get_UpdatedDate()
FNDA:645,.ctor(VirtualStorageLibrary.VirtualPath)
FNDA:11,.ctor(VirtualStorageLibrary.VirtualPath,System.DateTime,System.DateTime)
FNF:5
FNH:5
BRF:0
BRH:0
DA:301,1753
DA:302,670
DA:303,670
DA:307,645
DA:308,645
DA:309,645
DA:310,645
DA:311,645
DA:312,645
DA:314,11
DA:315,11
DA:316,11
DA:317,11
DA:318,11
DA:319,11
LH:15
LF:15
end_of_record
SF:D:\workspace\VirtualStorageLibrary\VirtualStorageLibrary\VirtualStorageLibrary.cs
FN:26,.ctor()
FN:30,.ctor(System.String)
FN:34,.ctor(System.String,System.Exception)
FNDA:1,.ctor()
FNDA:251,.ctor(System.String)
FNDA:1,.ctor(System.String,System.Exception)
FNF:3
FNH:3
BRF:0
BRH:0
DA:26,1
DA:27,1
DA:28,1
DA:30,251
DA:31,251
DA:32,251
DA:34,1
DA:35,1
DA:36,1
LH:9
LF:9
end_of_record
SF:D:\workspace\VirtualStorageLibrary\VirtualStorageLibrary\VirtualStorageLibrary.cs
FN:48,get_Path()
FN:50,get_Root()
FN:52,get_Empty()
FN:54,get_Dot()
FN:56,get_DotDot()
FN:58,ToString()
FN:60,get_IsEmpty()
FN:62,get_IsRoot()
FN:64,get_IsAbsolute()
FN:66,get_IsEndsWithSlash()
FN:68,get_IsDot()
FN:70,get_IsDotDot()
FN:72,GetHashCode()
FN:85,Equals(System.Object)
FN:94,op_Equality(VirtualStorageLibrary.VirtualPath,VirtualStorageLibrary.VirtualPath)
FN:99,op_Inequality(VirtualStorageLibrary.VirtualPath,VirtualStorageLibrary.VirtualPath)
FN:104,op_Addition(VirtualStorageLibrary.VirtualPath,VirtualStorageLibrary.VirtualPath)
FN:109,TrimEndSlash()
FN:118,AddEndSlash()
FN:127,AddStartSlash()
FN:136,StartsWith(VirtualStorageLibrary.VirtualPath)
FN:141,NormalizePath()
FN:189,GetDirectoryPath()
FN:210,GetNodeName()
FN:231,Combine(VirtualStorageLibrary.VirtualPath[])
FN:263,GetParentPath()
FN:283,GetPartsLinkedList()
FN:294,GetPartsList()
FN:74,.ctor(System.String)
FN:79,.ctor(System.Collections.Generic.IEnumerable`1<VirtualStorageLibrary.VirtualPath>)
FNDA:2560,get_Path()
FNDA:1435,get_Root()
FNDA:1144,get_Empty()
FNDA:4,get_Dot()
FNDA:5,get_DotDot()
FNDA:425,ToString()
FNDA:2670,get_IsEmpty()
FNDA:1303,get_IsRoot()
FNDA:2639,get_IsAbsolute()
FNDA:93,get_IsEndsWithSlash()
FNDA:2117,get_IsDot()
FNDA:2111,get_IsDotDot()
FNDA:6280,GetHashCode()
FNDA:5613,Equals(System.Object)
FNDA:85,op_Equality(VirtualStorageLibrary.VirtualPath,VirtualStorageLibrary.VirtualPath)
FNDA:0,op_Inequality(VirtualStorageLibrary.VirtualPath,VirtualStorageLibrary.VirtualPath)
FNDA:2382,op_Addition(VirtualStorageLibrary.VirtualPath,VirtualStorageLibrary.VirtualPath)
FNDA:0,TrimEndSlash()
FNDA:129,AddEndSlash()
FNDA:2,AddStartSlash()
FNDA:149,StartsWith(VirtualStorageLibrary.VirtualPath)
FNDA:47,NormalizePath()
FNDA:112,GetDirectoryPath()
FNDA:253,GetNodeName()
FNDA:2388,Combine(VirtualStorageLibrary.VirtualPath[])
FNDA:168,GetParentPath()
FNDA:1134,GetPartsLinkedList()
FNDA:1130,GetPartsList()
FNDA:8593,.ctor(System.String)
FNDA:0,.ctor(System.Collections.Generic.IEnumerable`1<VirtualStorageLibrary.VirtualPath>)
FNF:30
FNH:27
BRDA:86,86,28,1
BRDA:86,86,29,-
BRDA:110,110,30,-
BRDA:110,110,31,-
BRDA:119,119,32,1
BRDA:119,119,33,1
BRDA:128,128,34,1
BRDA:128,128,35,-
BRDA:142,142,36,1
BRDA:142,142,37,1
BRDA:151,151,38,1
BRDA:151,151,39,1
BRDA:153,153,40,1
BRDA:153,153,41,1
BRDA:155,155,42,1
BRDA:155,155,43,1
BRDA:155,155,44,1
BRDA:155,155,45,1
BRDA:159,159,46,1
BRDA:159,159,47,1
BRDA:168,168,48,1
BRDA:168,168,49,1
BRDA:176,176,50,1
BRDA:176,176,51,1
BRDA:191,191,52,1
BRDA:191,191,53,1
BRDA:198,198,54,1
BRDA:198,198,55,1
BRDA:211,211,56,1
BRDA:211,211,57,1
BRDA:218,218,58,1
BRDA:218,218,59,1
BRDA:235,235,60,1
BRDA:235,235,61,1
BRDA:250,250,62,1
BRDA:250,250,63,1
BRDA:253,253,64,1
BRDA:253,253,65,1
BRDA:274,274,66,1
BRDA:274,274,67,1
BRDA:285,285,68,1
BRDA:285,285,69,1
BRF:42
BRH:38
DA:48,2560
DA:50,1435
DA:52,1144
DA:54,4
DA:56,5
DA:58,425
DA:60,2670
DA:62,1303
DA:64,2639
DA:66,93
DA:68,2117
DA:70,2111
DA:72,6280
DA:74,8593
DA:75,8593
DA:76,8593
DA:77,8593
DA:79,0
DA:80,0
DA:81,0
DA:82,0
DA:85,5613
DA:86,5613
DA:87,5613
DA:88,5613
DA:90,0
DA:91,5613
DA:94,85
DA:95,85
DA:96,85
DA:99,0
DA:100,0
DA:101,0
DA:104,2382
DA:105,2382
DA:106,2382
DA:109,0
DA:110,0
DA:111,0
DA:112,0
DA:114,0
DA:115,0
DA:118,129
DA:119,129
DA:120,128
DA:121,128
DA:123,1
DA:124,129
DA:127,2
DA:128,2
DA:129,2
DA:130,2
DA:132,0
DA:133,2
DA:136,149
DA:137,149
DA:138,149
DA:141,47
DA:142,47
DA:143,1
DA:144,1
DA:147,46
DA:148,46
DA:149,46
DA:151,307
DA:152,85
DA:153,85
DA:154,8
DA:155,8
DA:156,6
DA:157,6
DA:158,6
DA:159,2
DA:160,1
DA:161,1
DA:162,1
DA:164,1
DA:165,1
DA:167,7
DA:168,77
DA:169,75
DA:170,75
DA:171,75
DA:172,84
DA:174,45
DA:176,45
DA:177,43
DA:178,43
DA:179,43
DA:181,2
DA:182,2
DA:183,2
DA:185,45
DA:186,45
DA:189,112
DA:191,112
DA:192,1
DA:193,1
DA:196,111
DA:198,111
DA:199,33
DA:200,33
DA:203,78
DA:205,78
DA:207,112
DA:210,253
DA:211,253
DA:212,1
DA:214,1
DA:217,252
DA:218,252
DA:219,248
DA:221,248
DA:224,4
DA:226,4
DA:228,253
DA:231,2388
DA:233,2388
DA:235,11940
DA:236,2388
DA:238,2388
DA:240,2388
DA:241,2388
DA:244,2388
DA:247,2388
DA:250,2388
DA:253,2388
DA:254,1
DA:255,1
DA:256,1
DA:259,2388
DA:260,2388
DA:263,168
DA:265,168
DA:267,168
DA:269,168
DA:271,168
DA:274,168
DA:275,38
DA:276,38
DA:279,130
DA:280,168
DA:283,1134
DA:284,1134
DA:285,7780
DA:286,2189
DA:287,2189
DA:288,2189
DA:290,1134
DA:291,1134
DA:294,1130
DA:295,1130
DA:296,1130
LH:138
LF:153
end_of_record
SF:D:\workspace\VirtualStorageLibrary\VirtualStorageLibrary\VirtualStorageLibrary.cs
FN:549,get_CurrentPath()
FN:558,ChangeDirectory(VirtualStorageLibrary.VirtualPath)
FN:572,ConvertToAbsolutePath(VirtualStorageLibrary.VirtualPath,VirtualStorageLibrary.VirtualPath)
FN:600,AddSymbolicLink(VirtualStorageLibrary.VirtualPath,VirtualStorageLibrary.VirtualPath,System.Boolean)
FN:633,AddItem(VirtualStorageLibrary.VirtualPath,T,System.Boolean)
FN:668,AddDirectory(VirtualStorageLibrary.VirtualPath,System.Boolean)
FN:764,GetNodeInternal(VirtualStorageLibrary.VirtualPath,System.Boolean)
FN:839,GetNode(VirtualStorageLibrary.VirtualPath,System.Boolean)
FN:845,ResolveLinkTarget(VirtualStorageLibrary.VirtualPath)
FN:851,GetDirectory(VirtualStorageLibrary.VirtualPath,System.Boolean)
FN:907,GetNodes(VirtualStorageLibrary.VirtualPath,VirtualStorageLibrary.VirtualNodeType,System.Boolean)
FN:912,GetNodes(VirtualStorageLibrary.VirtualNodeType,System.Boolean)
FN:917,GetNodesWithPaths(VirtualStorageLibrary.VirtualPath,VirtualStorageLibrary.VirtualNodeType,System.Boolean)
FN:922,GetNodesWithPaths(VirtualStorageLibrary.VirtualNodeType,System.Boolean)
FN:927,CheckCopyPreconditions(VirtualStorageLibrary.VirtualPath,VirtualStorageLibrary.VirtualPath,System.Boolean,System.Boolean)
FN:996,CopyNode(VirtualStorageLibrary.VirtualPath,VirtualStorageLibrary.VirtualPath,System.Boolean,System.Boolean)
FN:1058,RemoveNode(VirtualStorageLibrary.VirtualPath,System.Boolean)
FN:1102,TryGetNode(VirtualStorageLibrary.VirtualPath,System.Boolean)
FN:1116,NodeExists(VirtualStorageLibrary.VirtualPath,System.Boolean)
FN:1123,DirectoryExists(VirtualStorageLibrary.VirtualPath)
FN:1129,ItemExists(VirtualStorageLibrary.VirtualPath)
FN:1137,SymbolicLinkExists(VirtualStorageLibrary.VirtualPath)
FN:1143,MoveNode(VirtualStorageLibrary.VirtualPath,VirtualStorageLibrary.VirtualPath,System.Boolean)
FN:551,.ctor()
FN:866,GetNodesInternal()
FNDA:2668,get_CurrentPath()
FNDA:26,ChangeDirectory(VirtualStorageLibrary.VirtualPath)
FNDA:2513,ConvertToAbsolutePath(VirtualStorageLibrary.VirtualPath,VirtualStorageLibrary.VirtualPath)
FNDA:38,AddSymbolicLink(VirtualStorageLibrary.VirtualPath,VirtualStorageLibrary.VirtualPath,System.Boolean)
FNDA:110,AddItem(VirtualStorageLibrary.VirtualPath,T,System.Boolean)
FNDA:161,AddDirectory(VirtualStorageLibrary.VirtualPath,System.Boolean)
FNDA:1041,GetNodeInternal(VirtualStorageLibrary.VirtualPath,System.Boolean)
FNDA:990,GetNode(VirtualStorageLibrary.VirtualPath,System.Boolean)
FNDA:51,ResolveLinkTarget(VirtualStorageLibrary.VirtualPath)
FNDA:220,GetDirectory(VirtualStorageLibrary.VirtualPath,System.Boolean)
FNDA:8,GetNodes(VirtualStorageLibrary.VirtualPath,VirtualStorageLibrary.VirtualNodeType,System.Boolean)
FNDA:4,GetNodes(VirtualStorageLibrary.VirtualNodeType,System.Boolean)
FNDA:10,GetNodesWithPaths(VirtualStorageLibrary.VirtualPath,VirtualStorageLibrary.VirtualNodeType,System.Boolean)
FNDA:4,GetNodesWithPaths(VirtualStorageLibrary.VirtualNodeType,System.Boolean)
FNDA:69,CheckCopyPreconditions(VirtualStorageLibrary.VirtualPath,VirtualStorageLibrary.VirtualPath,System.Boolean,System.Boolean)
FNDA:42,CopyNode(VirtualStorageLibrary.VirtualPath,VirtualStorageLibrary.VirtualPath,System.Boolean,System.Boolean)
FNDA:19,RemoveNode(VirtualStorageLibrary.VirtualPath,System.Boolean)
FNDA:521,TryGetNode(VirtualStorageLibrary.VirtualPath,System.Boolean)
FNDA:139,NodeExists(VirtualStorageLibrary.VirtualPath,System.Boolean)
FNDA:255,DirectoryExists(VirtualStorageLibrary.VirtualPath)
FNDA:11,ItemExists(VirtualStorageLibrary.VirtualPath)
FNDA:41,SymbolicLinkExists(VirtualStorageLibrary.VirtualPath)
FNDA:20,MoveNode(VirtualStorageLibrary.VirtualPath,VirtualStorageLibrary.VirtualPath,System.Boolean)
FNDA:147,.ctor()
FNDA:130,GetNodesInternal()
FNF:25
FNH:25
BRDA:562,562,70,1
BRDA:562,562,71,-
BRDA:573,573,72,1
BRDA:573,573,73,1
BRDA:576,576,74,1
BRDA:576,576,75,1
BRDA:582,582,76,1
BRDA:582,582,77,1
BRDA:588,588,78,1
BRDA:588,588,79,1
BRDA:608,608,80,1
BRDA:608,608,81,1
BRDA:608,608,82,1
BRDA:608,608,83,1
BRDA:614,614,84,1
BRDA:614,614,85,1
BRDA:614,614,86,1
BRDA:614,614,87,1
BRDA:614,614,88,1
BRDA:614,614,89,1
BRDA:624,624,90,1
BRDA:624,624,91,1
BRDA:645,645,92,1
BRDA:645,645,93,1
BRDA:647,647,94,1
BRDA:647,647,95,1
BRDA:654,654,96,1
BRDA:654,654,97,1
BRDA:671,671,98,1
BRDA:671,671,99,1
BRDA:684,684,100,1
BRDA:684,684,101,1
BRDA:688,688,102,1
BRDA:688,688,103,1
BRDA:692,692,104,1
BRDA:692,692,105,1
BRDA:696,696,106,1
BRDA:696,696,107,1
BRDA:703,703,108,1
BRDA:703,703,109,1
BRDA:705,705,110,1
BRDA:705,705,111,1
BRDA:707,707,112,1
BRDA:707,707,113,1
BRDA:707,707,114,1
BRDA:707,707,115,1
BRDA:718,718,116,1
BRDA:718,718,117,1
BRDA:721,721,118,1
BRDA:721,721,119,1
BRDA:723,723,120,1
BRDA:723,723,121,1
BRDA:741,741,122,1
BRDA:741,741,123,1
BRDA:767,767,124,1
BRDA:767,767,125,1
BRDA:781,781,126,1
BRDA:781,781,127,1
BRDA:785,785,128,1
BRDA:785,785,129,1
BRDA:789,789,130,1
BRDA:789,789,131,1
BRDA:794,794,132,1
BRDA:794,794,133,1
BRDA:801,801,134,1
BRDA:801,801,135,1
BRDA:803,803,136,1
BRDA:803,803,137,1
BRDA:814,814,138,1
BRDA:814,814,139,1
BRDA:814,814,140,1
BRDA:814,814,141,1
BRDA:855,855,142,1
BRDA:855,855,143,1
BRDA:932,932,144,1
BRDA:932,932,145,1
BRDA:938,938,146,1
BRDA:938,938,147,1
BRDA:944,944,148,1
BRDA:944,944,149,1
BRDA:950,950,150,1
BRDA:950,950,151,1
BRDA:950,950,152,1
BRDA:950,950,153,1
BRDA:955,955,154,1
BRDA:955,955,155,1
BRDA:957,957,156,1
BRDA:957,957,157,1
BRDA:969,969,158,1
BRDA:969,969,159,1
BRDA:977,977,160,1
BRDA:977,977,161,1
BRDA:977,977,162,1
BRDA:977,977,163,1
BRDA:984,984,164,1
BRDA:984,984,165,1
BRDA:984,984,166,1
BRDA:984,984,167,1
BRDA:986,986,168,1
BRDA:986,986,169,1
BRDA:1005,1005,170,1
BRDA:1005,1005,171,1
BRDA:1008,1008,172,1
BRDA:1008,1008,173,1
BRDA:1020,1020,174,1
BRDA:1020,1020,175,1
BRDA:1027,1027,176,1
BRDA:1027,1027,177,1
BRDA:1030,1030,178,1
BRDA:1030,1030,179,1
BRDA:1030,1030,180,1
BRDA:1030,1030,181,1
BRDA:1038,1038,182,1
BRDA:1038,1038,183,1
BRDA:1040,1040,184,1
BRDA:1040,1040,185,1
BRDA:1063,1063,186,1
BRDA:1063,1063,187,1
BRDA:1074,1074,188,1
BRDA:1074,1074,189,1
BRDA:1076,1076,190,1
BRDA:1076,1076,191,1
BRDA:1076,1076,192,1
BRDA:1076,1076,193,1
BRDA:1085,1085,194,1
BRDA:1085,1085,195,1
BRDA:1131,1131,196,1
BRDA:1131,1131,197,1
BRDA:1133,1133,198,1
BRDA:1133,1133,199,1
BRDA:1148,1148,200,1
BRDA:1148,1148,201,1
BRDA:1154,1154,202,1
BRDA:1154,1154,203,1
BRDA:1160,1160,204,1
BRDA:1160,1160,205,1
BRDA:1167,1167,206,1
BRDA:1167,1167,207,1
BRDA:1174,1174,208,1
BRDA:1174,1174,209,1
BRDA:1179,1179,210,1
BRDA:1179,1179,211,1
BRDA:1186,1186,212,1
BRDA:1186,1186,213,1
BRDA:1200,1200,214,1
BRDA:1200,1200,215,1
BRDA:1203,1203,216,1
BRDA:1203,1203,217,1
BRDA:1230,1230,218,1
BRDA:1230,1230,219,1
BRDA:1238,1238,220,1
BRDA:1238,1238,221,1
BRDA:1243,1243,222,1
BRDA:1243,1243,223,1
BRDA:1263,1263,224,1
BRDA:1263,1263,225,1
BRDA:1266,1266,226,1
BRDA:1266,1266,227,1
BRDA:1290,1290,228,1
BRDA:1290,1290,229,1
BRDA:1295,1295,230,1
BRDA:1295,1295,231,1
BRDA:868,868,232,1
BRDA:868,868,233,1
BRDA:874,874,234,1
BRDA:874,874,235,1
BRDA:881,881,236,1
BRDA:881,881,237,1
BRDA:883,883,238,1
BRDA:883,883,239,1
BRDA:885,885,240,1
BRDA:885,885,241,1
BRDA:885,885,242,1
BRDA:885,885,243,1
BRDA:890,890,244,1
BRDA:890,890,245,1
BRDA:893,893,246,1
BRDA:893,893,247,1
BRDA:899,899,248,1
BRDA:899,899,249,1
BRDA:899,899,250,1
BRDA:899,899,251,1
BRF:182
BRH:181
DA:549,2668
DA:551,147
DA:552,147
DA:553,147
DA:554,147
DA:555,147
DA:558,26
DA:559,26
DA:562,25
DA:563,0
DA:564,0
DA:568,25
DA:569,25
DA:572,2513
DA:573,2513
DA:576,2513
DA:577,3
DA:578,3
DA:582,2510
DA:583,2483
DA:584,2483
DA:588,27
DA:589,1
DA:590,1
DA:594,26
DA:596,26
DA:597,2509
DA:600,38
DA:601,38
DA:604,38
DA:605,38
DA:608,38
DA:609,1
DA:610,1
DA:614,37
DA:615,2
DA:616,2
DA:620,35
DA:621,35
DA:622,35
DA:624,35
DA:625,1
DA:626,1
DA:629,34
DA:630,34
DA:633,110
DA:635,110
DA:638,109
DA:639,109
DA:642,109
DA:645,106
DA:646,3
DA:647,3
DA:648,1
DA:649,1
DA:652,2
DA:654,2
DA:655,1
DA:656,1
DA:659,1
DA:660,1
DA:661,1
DA:664,104
DA:665,104
DA:668,161
DA:669,161
DA:671,161
DA:672,1
DA:673,1
DA:676,160
DA:678,160
DA:679,160
DA:680,160
DA:682,160
DA:684,427
DA:685,273
DA:686,273
DA:688,273
DA:689,1
DA:691,1
DA:692,272
DA:693,2
DA:695,2
DA:696,2
DA:697,2
DA:698,2
DA:699,2
DA:700,2
DA:702,270
DA:703,270
DA:704,269
DA:705,269
DA:706,226
DA:707,226
DA:708,224
DA:709,224
DA:710,224
DA:712,2
DA:713,2
DA:715,224
DA:717,43
DA:718,43
DA:719,4
DA:720,4
DA:721,4
DA:722,2
DA:723,2
DA:724,1
DA:725,1
DA:727,1
DA:729,2
DA:730,2
DA:732,1
DA:733,40
DA:734,264
DA:735,264
DA:737,1
DA:738,1
DA:741,264
DA:742,1
DA:743,1
DA:744,1
DA:745,1
DA:746,1
DA:747,1
DA:748,1
DA:749,1
DA:750,1
DA:752,263
DA:753,263
DA:754,263
DA:755,264
DA:757,267
DA:758,267
DA:760,154
DA:761,154
DA:764,1041
DA:765,1041
DA:767,1041
DA:768,97
DA:769,97
DA:772,944
DA:774,944
DA:775,944
DA:776,944
DA:778,944
DA:779,944
DA:781,2554
DA:782,1844
DA:783,1844
DA:785,1844
DA:786,5
DA:788,5
DA:789,1839
DA:790,7
DA:792,7
DA:793,7
DA:794,7
DA:795,6
DA:796,6
DA:797,6
DA:798,7
DA:800,1832
DA:801,1832
DA:802,1831
DA:803,1831
DA:804,233
DA:805,233
DA:807,1598
DA:808,1598
DA:810,1
DA:811,1
DA:814,1598
DA:815,25
DA:816,25
DA:817,25
DA:818,25
DA:819,25
DA:820,25
DA:821,25
DA:822,25
DA:823,25
DA:824,25
DA:826,1573
DA:827,1573
DA:828,1573
DA:829,1573
DA:830,1598
DA:832,1610
DA:833,1610
DA:835,711
DA:836,808
DA:839,990
DA:840,990
DA:841,760
DA:842,760
DA:845,51
DA:846,51
DA:847,48
DA:848,48
DA:851,220
DA:852,220
DA:853,220
DA:855,216
DA:856,215
DA:857,215
DA:860,1
DA:861,1
DA:863,215
DA:866,130
DA:868,130
DA:869,1
DA:870,1
DA:874,129
DA:875,1
DA:876,1
DA:879,128
DA:881,1128
DA:882,372
DA:883,372
DA:884,120
DA:885,120
DA:886,88
DA:887,88
DA:888,88
DA:890,120
DA:891,104
DA:892,104
DA:893,972
DA:894,330
DA:895,330
DA:896,330
DA:897,104
DA:898,120
DA:899,252
DA:900,188
DA:901,188
DA:902,188
DA:903,372
DA:904,128
DA:907,8
DA:908,88
DA:909,8
DA:912,4
DA:913,12
DA:914,4
DA:917,10
DA:918,190
DA:919,10
DA:922,4
DA:923,12
DA:924,4
DA:927,69
DA:928,69
DA:929,68
DA:932,68
DA:933,1
DA:934,1
DA:938,67
DA:939,1
DA:940,1
DA:944,66
DA:945,1
DA:946,1
DA:950,65
DA:951,2
DA:952,2
DA:955,63
DA:957,63
DA:958,2
DA:959,2
DA:960,2
DA:961,2
DA:963,61
DA:964,61
DA:965,61
DA:966,61
DA:969,63
DA:970,25
DA:971,25
DA:974,38
DA:977,38
DA:978,2
DA:979,2
DA:983,36
DA:984,36
DA:985,18
DA:986,108
DA:987,27
DA:988,27
DA:989,27
DA:990,27
DA:991,27
DA:992,18
DA:993,61
DA:996,42
DA:998,42
DA:1000,34
DA:1001,34
DA:1003,34
DA:1005,34
DA:1008,34
DA:1009,2
DA:1010,2
DA:1011,2
DA:1012,2
DA:1014,32
DA:1015,32
DA:1016,32
DA:1017,32
DA:1020,34
DA:1021,2
DA:1022,2
DA:1025,32
DA:1027,32
DA:1028,18
DA:1030,18
DA:1031,1
DA:1032,1
DA:1036,17
DA:1037,17
DA:1038,17
DA:1039,16
DA:1040,94
DA:1041,23
DA:1042,23
DA:1043,23
DA:1044,23
DA:1045,23
DA:1046,16
DA:1047,17
DA:1049,14
DA:1051,14
DA:1052,14
DA:1053,14
DA:1054,14
DA:1055,31
DA:1058,19
DA:1060,19
DA:1061,17
DA:1063,17
DA:1064,3
DA:1065,3
DA:1068,14
DA:1071,14
DA:1072,14
DA:1074,14
DA:1075,10
DA:1076,10
DA:1077,2
DA:1078,2
DA:1082,8
DA:1085,38
DA:1086,7
DA:1087,7
DA:1088,7
DA:1089,7
DA:1092,8
DA:1093,8
DA:1095,4
DA:1097,4
DA:1098,4
DA:1099,12
DA:1102,521
DA:1103,521
DA:1105,521
DA:1107,521
DA:1109,224
DA:1110,224
DA:1111,224
DA:1113,521
DA:1116,139
DA:1117,139
DA:1118,139
DA:1119,139
DA:1120,139
DA:1123,255
DA:1124,255
DA:1125,255
DA:1126,255
DA:1129,11
DA:1130,11
DA:1131,12
DA:1132,10
DA:1133,10
DA:1134,11
DA:1137,41
DA:1138,41
DA:1139,41
DA:1140,41
DA:1143,20
DA:1144,20
DA:1145,20
DA:1148,20
DA:1149,1
DA:1150,1
DA:1154,19
DA:1155,1
DA:1156,1
DA:1160,18
DA:1161,2
DA:1163,2
DA:1167,16
DA:1168,1
DA:1170,1
DA:1174,15
DA:1175,8
DA:1179,8
DA:1180,4
DA:1182,4
DA:1183,4
DA:1186,4
DA:1187,2
DA:1189,2
DA:1191,2
DA:1192,2
DA:1193,2
DA:1194,2
DA:1196,4
DA:1200,4
DA:1201,2
DA:1202,2
DA:1203,2
DA:1204,1
DA:1206,1
DA:1208,1
DA:1209,1
DA:1210,1
DA:1212,1
DA:1213,1
DA:1214,1
DA:1215,1
DA:1216,1
DA:1217,1
DA:1219,2
DA:1221,2
DA:1223,1
DA:1224,3
DA:1226,7
DA:1230,7
DA:1231,3
DA:1234,3
DA:1235,3
DA:1238,3
DA:1239,2
DA:1243,2
DA:1244,1
DA:1246,1
DA:1247,1
DA:1249,1
DA:1251,1
DA:1253,1
DA:1254,2
DA:1255,2
DA:1256,2
DA:1257,2
DA:1259,4
DA:1263,4
DA:1264,2
DA:1265,2
DA:1266,2
DA:1267,1
DA:1269,1
DA:1271,1
DA:1272,1
DA:1273,1
DA:1275,1
DA:1276,1
DA:1277,1
DA:1278,1
DA:1279,1
DA:1280,1
DA:1282,2
DA:1285,2
DA:1286,2
DA:1287,2
DA:1290,2
DA:1291,2
DA:1295,2
DA:1296,1
DA:1298,1
DA:1299,1
DA:1301,1
DA:1303,1
DA:1305,1
DA:1307,1
DA:1308,1
DA:1309,1
DA:1310,1
DA:1311,1
DA:1312,1
DA:1313,2
DA:1314,4
DA:1315,7
LH:492
LF:494
end_of_record
SF:D:\workspace\VirtualStorageLibrary\VirtualStorageLibrary\VirtualStorageLibrary.cs
FN:324,get_TargetPath()
FN:337,ToString()
FN:343,DeepClone()
FN:326,.ctor(VirtualStorageLibrary.VirtualPath,VirtualStorageLibrary.VirtualPath)
FN:331,.ctor(VirtualStorageLibrary.VirtualPath,VirtualStorageLibrary.VirtualPath,System.DateTime,System.DateTime)
FNDA:83,get_TargetPath()
FNDA:1,ToString()
FNDA:1,DeepClone()
FNDA:43,.ctor(VirtualStorageLibrary.VirtualPath,VirtualStorageLibrary.VirtualPath)
FNDA:3,.ctor(VirtualStorageLibrary.VirtualPath,VirtualStorageLibrary.VirtualPath,System.DateTime,System.DateTime)
FNF:5
FNH:5
BRF:0
BRH:0
DA:324,83
DA:326,43
DA:327,43
DA:328,43
DA:329,43
DA:331,3
DA:332,3
DA:333,3
DA:334,3
DA:337,1
DA:339,1
DA:340,1
DA:343,1
DA:344,1
DA:345,1
LH:15
LF:15
end_of_record
